2025-05-19 09:51:52,141Z,backend,IMAP connected to check replies in INBOX,None
2025-05-19 09:52:00,926Z,backend,GET /landing 200 OK,None
2025-05-19 09:52:05,982Z,backend,IMAP connected to check replies in INBOX,None
2025-05-19 09:52:19,564Z,backend,IMAP connected to check replies in INBOX,None
2025-05-19 09:52:33,198Z,backend,IMAP connected to check replies in INBOX,None
2025-05-19 09:52:46,970Z,backend,IMAP connected to check replies in INBOX,None
2025-05-19 09:53:02,418Z,backend,IMAP connected to check replies in INBOX,None
2025-05-19 09:53:16,051Z,backend,IMAP connected to check replies in INBOX,None
2025-05-19 09:53:29,771Z,backend,IMAP connected to check replies in INBOX,None
2025-05-19 09:53:30,962Z,backend,GET /connectors 200 OK,None
2025-05-19 09:53:38,287Z,backend,[ALERT] initializeConnector is not defined,ReferenceError
2025-05-19 09:53:39,894Z,backend,[ALERT] initializeConnector is not defined,ReferenceError
2025-05-19 09:53:47,463Z,backend,IMAP connected to check replies in INBOX,None
2025-05-19 09:54:02,432Z,backend,IMAP connected to check replies in INBOX,None
2025-05-19 09:54:16,820Z,backend,IMAP connected to check replies in INBOX,None
2025-05-19 09:54:31,148Z,backend,IMAP connected to check replies in INBOX,None
2025-05-19 09:54:45,005Z,backend,IMAP connected to check replies in INBOX,None
2025-05-19 09:54:58,826Z,backend,IMAP connected to check replies in INBOX,None
2025-05-19 09:55:12,354Z,backend,IMAP connected to check replies in INBOX,None
2025-05-19 09:55:25,680Z,backend,IMAP connected to check replies in INBOX,None
2025-05-19 09:55:39,228Z,backend,IMAP connected to check replies in INBOX,None
2025-05-19 09:55:52,638Z,backend,IMAP connected to check replies in INBOX,None
2025-05-19 09:56:08,073Z,backend,IMAP connected to check replies in INBOX,None
2025-05-19 09:56:23,009Z,backend,IMAP connected to check replies in INBOX,None
2025-05-19 09:56:24,209Z,backend,Generated issue_id: 9c6d64ad-a651-481b-95e8-89c3bbb4af2b for error: initializeConnector is not defined,None
2025-05-19 09:56:31,421Z,backend,Email sent to amoggha03@ibm.com for issue 9c6d64ad-a651-481b-95e8-89c3bbb4af2b,None
2025-05-19 09:56:31,421Z,backend,Pending fixes updated. Current issue IDs: ['9c6d64ad-a651-481b-95e8-89c3bbb4af2b'],None
2025-05-19 09:56:37,444Z,backend,IMAP connected to check replies in INBOX,None
2025-05-19 09:56:50,399Z,backend,IMAP connected to check replies in INBOX,None
2025-05-19 09:57:05,006Z,backend,IMAP connected to check replies in INBOX,None
2025-05-19 09:57:19,034Z,backend,IMAP connected to check replies in INBOX,None
2025-05-19 09:57:33,166Z,backend,IMAP connected to check replies in INBOX,None
2025-05-19 09:57:38,150Z,backend,Code fix applied successfully,None
2025-05-19 09:57:47,297Z,backend,IMAP connected to check replies in INBOX,None
2025-05-19 09:57:50,168Z,backend,POST /run-connector successful,None
2025-05-19 09:58:00,684Z,backend,IMAP connected to check replies in INBOX,None
2025-05-19 09:58:14,855Z,backend,IMAP connected to check replies in INBOX,None
2025-05-19 09:58:29,075Z,backend,IMAP connected to check replies in INBOX,None
2025-05-19 09:58:43,394Z,backend,IMAP connected to check replies in INBOX,None
2025-05-19 09:58:56,722Z,backend,IMAP connected to check replies in INBOX,None
2025-05-19 09:59:11,023Z,backend,IMAP connected to check replies in INBOX,None
2025-05-19 09:59:24,064Z,backend,IMAP connected to check replies in INBOX,None
2025-05-19 09:59:37,860Z,backend,IMAP connected to check replies in INBOX,None
2025-05-19 09:59:50,813Z,backend,IMAP connected to check replies in INBOX,None
2025-05-19 10:00:09,926Z,backend,IMAP connected to check replies in INBOX,None
2025-05-19 10:00:26,225Z,backend,IMAP connected to check replies in INBOX,None
2025-05-19 10:00:41,495Z,backend,IMAP connected to check replies in INBOX,None
2025-05-19 10:01:00,388Z,backend,IMAP connected to check replies in INBOX,None
2025-05-19 10:01:19,930Z,backend,IMAP connected to check replies in INBOX,None
2025-05-19 10:01:38,607Z,backend,IMAP connected to check replies in INBOX,None
2025-05-19 10:01:52,981Z,backend,IMAP connected to check replies in INBOX,None
2025-05-19 10:02:06,285Z,backend,IMAP connected to check replies in INBOX,None
2025-05-19 10:02:21,457Z,backend,IMAP connected to check replies in INBOX,None
2025-05-19 10:02:35,120Z,backend,IMAP connected to check replies in INBOX,None
2025-05-19 10:02:49,108Z,backend,IMAP connected to check replies in INBOX,None
2025-05-19 10:03:02,595Z,backend,IMAP connected to check replies in INBOX,None
2025-05-19 10:03:15,930Z,backend,IMAP connected to check replies in INBOX,None
2025-05-19 10:03:30,009Z,backend,IMAP connected to check replies in INBOX,None
2025-05-19 10:03:43,988Z,backend,IMAP connected to check replies in INBOX,None
2025-05-19 10:03:58,485Z,backend,IMAP connected to check replies in INBOX,None
2025-05-19 10:04:13,362Z,backend,IMAP connected to check replies in INBOX,None
2025-05-19 10:04:27,201Z,backend,IMAP connected to check replies in INBOX,None
2025-05-19 10:04:41,701Z,backend,IMAP connected to check replies in INBOX,None
2025-05-19 10:04:56,200Z,backend,IMAP connected to check replies in INBOX,None
2025-05-19 10:05:10,270Z,backend,IMAP connected to check replies in INBOX,None
2025-05-19 10:05:24,403Z,backend,IMAP connected to check replies in INBOX,None
2025-05-19 10:05:38,660Z,backend,IMAP connected to check replies in INBOX,None
2025-05-19 10:05:53,350Z,backend,IMAP connected to check replies in INBOX,None
2025-05-19 10:06:08,022Z,backend,IMAP connected to check replies in INBOX,None
2025-05-19 10:06:23,231Z,backend,IMAP connected to check replies in INBOX,None
2025-05-19 10:06:36,925Z,backend,IMAP connected to check replies in INBOX,None
2025-05-19 10:06:50,530Z,backend,IMAP connected to check replies in INBOX,None
2025-05-19 10:07:05,712Z,backend,IMAP connected to check replies in INBOX,None
2025-05-19 10:07:22,361Z,backend,IMAP connected to check replies in INBOX,None
2025-05-19 10:07:38,246Z,backend,IMAP connected to check replies in INBOX,None
2025-05-19 10:07:52,777Z,backend,IMAP connected to check replies in INBOX,None
2025-05-19 10:08:07,236Z,backend,IMAP connected to check replies in INBOX,None
2025-05-19 10:08:22,004Z,backend,IMAP connected to check replies in INBOX,None
2025-05-19 10:08:40,084Z,backend,IMAP connected to check replies in INBOX,None
2025-05-19 10:08:54,077Z,backend,IMAP connected to check replies in INBOX,None
2025-05-19 10:09:07,472Z,backend,IMAP connected to check replies in INBOX,None
2025-05-19 10:09:22,170Z,backend,IMAP connected to check replies in INBOX,None
2025-05-19 10:09:36,963Z,backend,IMAP connected to check replies in INBOX,None
2025-05-19 10:09:51,503Z,backend,IMAP connected to check replies in INBOX,None
2025-05-19 10:10:05,791Z,backend,IMAP connected to check replies in INBOX,None
2025-05-19 10:10:20,229Z,backend,IMAP connected to check replies in INBOX,None
2025-05-19 10:10:34,053Z,backend,IMAP connected to check replies in INBOX,None
2025-05-19 10:10:48,819Z,backend,IMAP connected to check replies in INBOX,None
2025-05-19 10:11:03,468Z,backend,IMAP connected to check replies in INBOX,None
2025-05-19 10:11:17,675Z,backend,IMAP connected to check replies in INBOX,None
2025-05-19 10:11:32,276Z,backend,IMAP connected to check replies in INBOX,None
2025-05-19 10:11:48,702Z,backend,IMAP connected to check replies in INBOX,None
2025-05-19 10:12:02,832Z,backend,IMAP connected to check replies in INBOX,None
2025-05-19 10:12:17,302Z,backend,IMAP connected to check replies in INBOX,None
2025-05-19 10:12:31,980Z,backend,IMAP connected to check replies in INBOX,None
2025-05-19 10:12:45,396Z,backend,IMAP connected to check replies in INBOX,None
2025-05-19 10:13:00,277Z,backend,IMAP connected to check replies in INBOX,None
2025-05-19 10:13:14,408Z,backend,IMAP connected to check replies in INBOX,None
2025-05-19 10:13:28,540Z,backend,IMAP connected to check replies in INBOX,None
2025-05-19 10:13:42,250Z,backend,IMAP connected to check replies in INBOX,None
2025-05-19 10:13:57,449Z,backend,IMAP connected to check replies in INBOX,None
2025-05-19 10:14:12,777Z,backend,IMAP connected to check replies in INBOX,None
2025-05-19 10:14:30,165Z,backend,IMAP connected to check replies in INBOX,None
2025-05-19 10:14:45,340Z,backend,IMAP connected to check replies in INBOX,None
2025-05-19 10:15:00,698Z,backend,IMAP connected to check replies in INBOX,None
2025-05-19 10:15:16,824Z,backend,IMAP connected to check replies in INBOX,None
2025-05-19 10:15:32,033Z,backend,IMAP connected to check replies in INBOX,None
2025-05-19 10:15:47,391Z,backend,IMAP connected to check replies in INBOX,None
2025-05-19 10:16:05,113Z,backend,IMAP connected to check replies in INBOX,None
2025-05-19 10:16:22,522Z,backend,IMAP connected to check replies in INBOX,None
2025-05-19 10:16:35,763Z,backend,IMAP connected to check replies in INBOX,None
2025-05-19 10:16:50,674Z,backend,IMAP connected to check replies in INBOX,None
2025-05-19 10:17:06,211Z,backend,IMAP connected to check replies in INBOX,None
2025-05-19 10:17:21,111Z,backend,IMAP connected to check replies in INBOX,None
2025-05-19 10:17:35,830Z,backend,IMAP connected to check replies in INBOX,None
2025-05-19 10:17:50,101Z,backend,IMAP connected to check replies in INBOX,None
2025-05-19 10:18:03,707Z,backend,IMAP connected to check replies in INBOX,None
2025-05-19 10:18:18,573Z,backend,IMAP connected to check replies in INBOX,None
2025-05-19 10:18:32,047Z,backend,IMAP connected to check replies in INBOX,None
2025-05-19 10:18:45,936Z,backend,IMAP connected to check replies in INBOX,None
2025-05-19 10:19:00,598Z,backend,IMAP connected to check replies in INBOX,None
2025-05-19 10:19:15,851Z,backend,IMAP connected to check replies in INBOX,None
2025-05-19 10:19:29,312Z,backend,IMAP connected to check replies in INBOX,None
2025-05-19 10:19:43,681Z,backend,IMAP connected to check replies in INBOX,None
2025-05-19 10:19:57,754Z,backend,IMAP connected to check replies in INBOX,None
2025-05-19 10:20:12,192Z,backend,IMAP connected to check replies in INBOX,None
2025-05-19 10:20:26,639Z,backend,IMAP connected to check replies in INBOX,None
2025-05-19 10:20:40,398Z,backend,IMAP connected to check replies in INBOX,None
2025-05-19 10:20:53,958Z,backend,IMAP connected to check replies in INBOX,None
2025-05-19 10:21:08,102Z,backend,IMAP connected to check replies in INBOX,None
2025-05-19 10:21:22,027Z,backend,IMAP connected to check replies in INBOX,None
2025-05-19 10:21:35,688Z,backend,IMAP connected to check replies in INBOX,None
2025-05-19 10:21:49,387Z,backend,IMAP connected to check replies in INBOX,None
2025-05-19 10:22:08,005Z,backend,IMAP connected to check replies in INBOX,None
2025-05-19 10:22:29,687Z,backend,IMAP connected to check replies in INBOX,None
2025-05-19 10:22:46,857Z,backend,IMAP connected to check replies in INBOX,None
2025-05-19 10:23:05,218Z,backend,IMAP connected to check replies in INBOX,None
2025-05-19 10:23:20,682Z,backend,IMAP connected to check replies in INBOX,None
2025-05-19 10:23:34,623Z,backend,IMAP connected to check replies in INBOX,None
2025-05-19 10:23:48,943Z,backend,IMAP connected to check replies in INBOX,None
2025-05-19 10:24:02,416Z,backend,IMAP connected to check replies in INBOX,None
2025-05-19 10:24:15,950Z,backend,IMAP connected to check replies in INBOX,None
2025-05-19 10:24:30,325Z,backend,IMAP connected to check replies in INBOX,None
2025-05-19 10:24:44,142Z,backend,IMAP connected to check replies in INBOX,None
2025-05-19 10:24:57,872Z,backend,IMAP connected to check replies in INBOX,None
2025-05-19 10:25:11,519Z,backend,IMAP connected to check replies in INBOX,None
2025-05-19 10:25:25,828Z,backend,IMAP connected to check replies in INBOX,None
2025-05-19 10:25:40,264Z,backend,IMAP connected to check replies in INBOX,None
2025-05-19 10:25:58,148Z,backend,IMAP connected to check replies in INBOX,None
2025-05-19 10:26:14,678Z,backend,IMAP connected to check replies in INBOX,None
2025-05-19 10:26:32,230Z,backend,IMAP connected to check replies in INBOX,None
2025-05-19 10:26:48,155Z,backend,IMAP connected to check replies in INBOX,None
2025-05-19 10:27:01,470Z,backend,IMAP connected to check replies in INBOX,None
2025-05-19 10:27:15,801Z,backend,IMAP connected to check replies in INBOX,None
2025-05-19 10:27:29,934Z,backend,IMAP connected to check replies in INBOX,None
2025-05-19 10:27:43,664Z,backend,IMAP connected to check replies in INBOX,None
2025-05-19 10:27:58,501Z,backend,IMAP connected to check replies in INBOX,None
2025-05-19 10:28:12,325Z,backend,IMAP connected to check replies in INBOX,None
2025-05-19 10:28:26,066Z,backend,IMAP connected to check replies in INBOX,None
2025-05-19 10:28:40,951Z,backend,IMAP connected to check replies in INBOX,None
2025-05-19 10:28:55,136Z,backend,IMAP connected to check replies in INBOX,None
2025-05-19 10:29:09,124Z,backend,IMAP connected to check replies in INBOX,None
2025-05-19 10:29:22,924Z,backend,IMAP connected to check replies in INBOX,None
2025-05-19 10:29:37,093Z,backend,IMAP connected to check replies in INBOX,None
2025-05-19 10:29:52,163Z,backend,IMAP connected to check replies in INBOX,None
2025-05-19 10:30:07,523Z,backend,IMAP connected to check replies in INBOX,None
2025-05-19 10:30:21,293Z,backend,IMAP connected to check replies in INBOX,None
2025-05-19 10:30:35,646Z,backend,IMAP connected to check replies in INBOX,None
2025-05-19 10:30:49,353Z,backend,IMAP connected to check replies in INBOX,None
2025-05-19 10:31:05,275Z,backend,IMAP connected to check replies in INBOX,None
2025-05-19 10:31:19,768Z,backend,IMAP connected to check replies in INBOX,None
2025-05-19 10:31:33,428Z,backend,IMAP connected to check replies in INBOX,None
2025-05-19 10:31:47,719Z,backend,IMAP connected to check replies in INBOX,None
2025-05-19 10:32:01,864Z,backend,IMAP connected to check replies in INBOX,None
2025-05-19 10:32:15,632Z,backend,IMAP connected to check replies in INBOX,None
2025-05-19 10:32:29,606Z,backend,IMAP connected to check replies in INBOX,None
2025-05-19 10:32:42,971Z,backend,IMAP connected to check replies in INBOX,None
2025-05-19 10:32:58,630Z,backend,IMAP connected to check replies in INBOX,None
2025-05-19 10:33:12,564Z,backend,IMAP connected to check replies in INBOX,None
2025-05-19 10:33:26,029Z,backend,IMAP connected to check replies in INBOX,None
2025-05-19 10:33:39,486Z,backend,IMAP connected to check replies in INBOX,None
2025-05-19 10:33:53,311Z,backend,IMAP connected to check replies in INBOX,None
2025-05-19 10:34:07,023Z,backend,IMAP connected to check replies in INBOX,None
2025-05-19 10:34:20,343Z,backend,IMAP connected to check replies in INBOX,None
2025-05-19 10:34:34,206Z,backend,IMAP connected to check replies in INBOX,None
2025-05-19 10:34:47,553Z,backend,IMAP connected to check replies in INBOX,None
2025-05-19 10:35:01,856Z,backend,IMAP connected to check replies in INBOX,None
2025-05-19 10:35:15,641Z,backend,IMAP connected to check replies in INBOX,None
2025-05-19 10:35:32,191Z,backend,IMAP connected to check replies in INBOX,None
2025-05-19 10:35:48,551Z,backend,IMAP connected to check replies in INBOX,None
2025-05-19 10:36:05,425Z,backend,IMAP connected to check replies in INBOX,None
2025-05-19 10:36:19,623Z,backend,IMAP connected to check replies in INBOX,None
2025-05-19 10:36:32,945Z,backend,IMAP connected to check replies in INBOX,None
2025-05-19 10:36:46,349Z,backend,IMAP connected to check replies in INBOX,None
2025-05-19 10:37:00,393Z,backend,IMAP connected to check replies in INBOX,None
2025-05-19 10:37:13,557Z,backend,IMAP connected to check replies in INBOX,None
2025-05-19 10:37:27,923Z,backend,IMAP connected to check replies in INBOX,None
2025-05-19 10:37:40,941Z,backend,IMAP connected to check replies in INBOX,None
2025-05-19 10:37:54,981Z,backend,IMAP connected to check replies in INBOX,None
2025-05-19 10:38:08,532Z,backend,IMAP connected to check replies in INBOX,None
2025-05-19 10:38:22,495Z,backend,IMAP connected to check replies in INBOX,None
2025-05-19 10:38:38,218Z,backend,IMAP connected to check replies in INBOX,None
2025-05-19 10:38:52,395Z,backend,IMAP connected to check replies in INBOX,None
2025-05-19 10:39:10,301Z,backend,IMAP connected to check replies in INBOX,None
2025-05-19 10:39:24,715Z,backend,IMAP connected to check replies in INBOX,None
2025-05-19 10:39:38,790Z,backend,IMAP connected to check replies in INBOX,None
2025-05-19 10:39:52,679Z,backend,IMAP connected to check replies in INBOX,None
2025-05-19 10:40:07,722Z,backend,IMAP connected to check replies in INBOX,None
2025-05-19 10:40:21,771Z,backend,IMAP connected to check replies in INBOX,None
2025-05-19 10:40:36,062Z,backend,IMAP connected to check replies in INBOX,None
2025-05-19 10:40:49,808Z,backend,IMAP connected to check replies in INBOX,None
2025-05-19 10:41:04,553Z,backend,IMAP connected to check replies in INBOX,None
2025-05-19 10:41:18,428Z,backend,IMAP connected to check replies in INBOX,None
2025-05-19 10:41:35,888Z,backend,IMAP connected to check replies in INBOX,None
2025-05-19 10:41:49,096Z,backend,IMAP connected to check replies in INBOX,None
2025-05-19 10:42:02,739Z,backend,IMAP connected to check replies in INBOX,None
2025-05-19 10:42:19,200Z,backend,IMAP connected to check replies in INBOX,None
2025-05-19 10:42:32,659Z,backend,IMAP connected to check replies in INBOX,None
2025-05-19 10:42:47,821Z,backend,IMAP connected to check replies in INBOX,None
2025-05-19 10:43:01,308Z,backend,IMAP connected to check replies in INBOX,None
2025-05-19 10:43:14,420Z,backend,IMAP connected to check replies in INBOX,None
2025-05-19 10:43:28,109Z,backend,IMAP connected to check replies in INBOX,None
2025-05-19 10:43:42,449Z,backend,IMAP connected to check replies in INBOX,None
2025-05-19 10:43:56,179Z,backend,IMAP connected to check replies in INBOX,None
2025-05-19 10:44:10,173Z,backend,IMAP connected to check replies in INBOX,None
2025-05-19 10:44:23,306Z,backend,IMAP connected to check replies in INBOX,None
2025-05-19 10:44:36,636Z,backend,IMAP connected to check replies in INBOX,None
2025-05-19 10:44:50,338Z,backend,IMAP connected to check replies in INBOX,None
2025-05-19 10:45:04,491Z,backend,IMAP connected to check replies in INBOX,None
2025-05-19 10:45:17,970Z,backend,IMAP connected to check replies in INBOX,None
2025-05-19 10:45:30,944Z,backend,IMAP connected to check replies in INBOX,None
2025-05-19 10:45:45,343Z,backend,IMAP connected to check replies in INBOX,None
2025-05-19 10:46:00,039Z,backend,IMAP connected to check replies in INBOX,None
2025-05-19 10:46:13,587Z,backend,IMAP connected to check replies in INBOX,None
2025-05-19 10:46:27,668Z,backend,IMAP connected to check replies in INBOX,None
2025-05-19 10:46:40,939Z,backend,IMAP connected to check replies in INBOX,None
2025-05-19 10:46:53,829Z,backend,IMAP connected to check replies in INBOX,None
2025-05-19 10:47:08,268Z,backend,IMAP connected to check replies in INBOX,None
2025-05-19 10:47:21,520Z,backend,IMAP connected to check replies in INBOX,None
2025-05-19 10:47:35,183Z,backend,IMAP connected to check replies in INBOX,None
2025-05-19 10:47:53,424Z,backend,IMAP connected to check replies in INBOX,None
2025-05-19 10:48:07,633Z,backend,IMAP connected to check replies in INBOX,None
2025-05-19 10:48:21,393Z,backend,IMAP connected to check replies in INBOX,None
2025-05-19 10:48:35,232Z,backend,IMAP connected to check replies in INBOX,None
2025-05-19 10:48:49,041Z,backend,IMAP connected to check replies in INBOX,None
2025-05-19 10:49:03,105Z,backend,IMAP connected to check replies in INBOX,None
2025-05-19 10:49:16,681Z,backend,IMAP connected to check replies in INBOX,None
2025-05-19 10:49:30,687Z,backend,IMAP connected to check replies in INBOX,None
2025-05-19 10:49:44,628Z,backend,IMAP connected to check replies in INBOX,None
2025-05-19 10:49:58,452Z,backend,IMAP connected to check replies in INBOX,None
2025-05-19 10:50:11,979Z,backend,IMAP connected to check replies in INBOX,None
2025-05-19 10:50:26,289Z,backend,IMAP connected to check replies in INBOX,None
2025-05-19 10:50:40,274Z,backend,IMAP connected to check replies in INBOX,None
2025-05-19 10:50:54,101Z,backend,IMAP connected to check replies in INBOX,None
2025-05-19 10:51:08,062Z,backend,IMAP connected to check replies in INBOX,None
2025-05-19 10:51:21,463Z,backend,IMAP connected to check replies in INBOX,None
2025-05-19 10:51:35,524Z,backend,IMAP connected to check replies in INBOX,None
2025-05-19 10:51:49,749Z,backend,IMAP connected to check replies in INBOX,None
2025-05-19 10:52:04,708Z,backend,IMAP connected to check replies in INBOX,None
2025-05-19 10:52:19,290Z,backend,IMAP connected to check replies in INBOX,None
2025-05-19 10:52:32,837Z,backend,IMAP connected to check replies in INBOX,None
2025-05-19 10:52:49,104Z,backend,IMAP connected to check replies in INBOX,None
2025-05-19 10:53:04,963Z,backend,IMAP connected to check replies in INBOX,None
2025-05-19 10:53:20,276Z,backend,IMAP connected to check replies in INBOX,None
2025-05-19 10:53:35,331Z,backend,IMAP connected to check replies in INBOX,None
2025-05-19 10:53:49,448Z,backend,IMAP connected to check replies in INBOX,None
2025-05-19 10:54:06,531Z,backend,IMAP connected to check replies in INBOX,None
2025-05-19 10:54:21,399Z,backend,IMAP connected to check replies in INBOX,None
2025-05-19 10:54:35,319Z,backend,IMAP connected to check replies in INBOX,None
2025-05-19 10:54:48,866Z,backend,IMAP connected to check replies in INBOX,None
2025-05-19 10:55:04,047Z,backend,IMAP connected to check replies in INBOX,None
2025-05-19 10:55:18,215Z,backend,IMAP connected to check replies in INBOX,None
2025-05-19 10:55:32,653Z,backend,IMAP connected to check replies in INBOX,None
2025-05-19 10:55:46,525Z,backend,IMAP connected to check replies in INBOX,None
2025-05-19 10:56:00,822Z,backend,IMAP connected to check replies in INBOX,None
2025-05-19 10:56:15,969Z,backend,IMAP connected to check replies in INBOX,None
2025-05-19 10:56:30,204Z,backend,IMAP connected to check replies in INBOX,None
2025-05-19 10:56:43,523Z,backend,IMAP connected to check replies in INBOX,None
2025-05-19 10:56:57,644Z,backend,IMAP connected to check replies in INBOX,None
2025-05-19 10:57:11,310Z,backend,IMAP connected to check replies in INBOX,None
2025-05-19 10:57:39,541Z,backend,IMAP check failed: socket error: EOF,abort
2025-05-19 10:58:03,289Z,backend,IMAP check failed: [SSL: UNEXPECTED_EOF_WHILE_READING] EOF occurred in violation of protocol (_ssl.c:1007),SSLEOFError
2025-05-19 10:58:43,296Z,backend,IMAP check failed: [Errno 8] nodename nor servname provided, or not known,gaierror
2025-05-19 10:59:23,301Z,backend,IMAP check failed: [Errno 8] nodename nor servname provided, or not known,gaierror
2025-05-19 11:00:03,306Z,backend,IMAP check failed: [Errno 8] nodename nor servname provided, or not known,gaierror
2025-05-19 11:00:30,811Z,backend,IMAP connected to check replies in INBOX,None
2025-05-19 11:00:44,752Z,backend,IMAP connected to check replies in INBOX,None
2025-05-19 11:01:04,935Z,backend,IMAP connected to check replies in INBOX,None
2025-05-19 11:01:28,006Z,backend,IMAP connected to check replies in INBOX,None
2025-05-19 11:01:41,897Z,backend,IMAP connected to check replies in INBOX,None
2025-05-19 11:01:54,856Z,backend,IMAP connected to check replies in INBOX,None
2025-05-19 11:02:09,540Z,backend,IMAP connected to check replies in INBOX,None
2025-05-19 11:02:25,895Z,backend,IMAP connected to check replies in INBOX,None
2025-05-19 11:02:40,807Z,backend,IMAP connected to check replies in INBOX,None
2025-05-19 11:02:57,773Z,backend,IMAP connected to check replies in INBOX,None
2025-05-19 11:03:13,215Z,backend,IMAP connected to check replies in INBOX,None
2025-05-19 11:03:28,343Z,backend,IMAP connected to check replies in INBOX,None
2025-05-19 11:03:42,791Z,backend,IMAP connected to check replies in INBOX,None
2025-05-19 11:04:38,281Z,backend,IMAP connected to check replies in INBOX,None
2025-05-19 11:04:52,664Z,backend,IMAP connected to check replies in INBOX,None
2025-05-19 11:05:09,391Z,backend,IMAP connected to check replies in INBOX,None
2025-05-19 11:05:23,862Z,backend,IMAP connected to check replies in INBOX,None
2025-05-19 11:05:39,070Z,backend,IMAP connected to check replies in INBOX,None
2025-05-19 11:05:52,290Z,backend,IMAP connected to check replies in INBOX,None
2025-05-19 11:06:10,300Z,backend,IMAP connected to check replies in INBOX,None
2025-05-19 11:06:23,288Z,backend,IMAP connected to check replies in INBOX,None
2025-05-19 11:06:36,374Z,backend,IMAP connected to check replies in INBOX,None
2025-05-19 11:06:50,507Z,backend,IMAP connected to check replies in INBOX,None
2025-05-19 11:07:04,756Z,backend,IMAP connected to check replies in INBOX,None
2025-05-19 11:07:19,194Z,backend,IMAP connected to check replies in INBOX,None
2025-05-19 11:07:33,646Z,backend,IMAP connected to check replies in INBOX,None
2025-05-19 11:07:48,684Z,backend,IMAP connected to check replies in INBOX,None
2025-05-19 11:08:06,072Z,backend,IMAP connected to check replies in INBOX,None
2025-05-19 11:08:20,939Z,backend,IMAP connected to check replies in INBOX,None
2025-05-19 11:08:35,677Z,backend,IMAP connected to check replies in INBOX,None
2025-05-19 11:08:49,509Z,backend,IMAP connected to check replies in INBOX,None
2025-05-19 11:09:03,639Z,backend,IMAP connected to check replies in INBOX,None
2025-05-19 11:09:21,021Z,backend,IMAP connected to check replies in INBOX,None
2025-05-19 11:09:47,221Z,backend,IMAP connected to check replies in INBOX,None
2025-05-19 11:10:29,502Z,backend,IMAP check failed: [Errno 8] nodename nor servname provided, or not known,gaierror
2025-05-19 11:11:42,765Z,backend,IMAP connected to check replies in INBOX,None
2025-05-19 11:12:37,089Z,backend,IMAP connected to check replies in INBOX,None
2025-05-19 11:13:06,773Z,backend,IMAP connected to check replies in INBOX,None
2025-05-19 11:13:40,812Z,backend,IMAP connected to check replies in INBOX,None
2025-05-19 11:14:50,797Z,backend,IMAP connected to check replies in INBOX,None
2025-05-19 11:15:27,107Z,backend,IMAP connected to check replies in INBOX,None
2025-05-19 11:16:05,413Z,backend,IMAP connected to check replies in INBOX,None
2025-05-19 11:16:47,499Z,backend,IMAP connected to check replies in INBOX,None
2025-05-19 11:17:24,668Z,backend,IMAP connected to check replies in INBOX,None
2025-05-19 11:18:03,068Z,backend,IMAP connected to check replies in INBOX,None
2025-05-19 11:18:55,384Z,backend,IMAP connected to check replies in INBOX,None
2025-05-19 11:19:24,133Z,backend,IMAP check failed: [SSL: UNEXPECTED_EOF_WHILE_READING] EOF occurred in violation of protocol (_ssl.c:1007),SSLEOFError
2025-05-19 11:19:47,527Z,backend,IMAP check failed: [SSL: UNEXPECTED_EOF_WHILE_READING] EOF occurred in violation of protocol (_ssl.c:1007),SSLEOFError
2025-05-19 11:20:08,093Z,backend,IMAP check failed: [SSL: UNEXPECTED_EOF_WHILE_READING] EOF occurred in violation of protocol (_ssl.c:1007),SSLEOFError
2025-05-19 11:22:25,231Z,backend,IMAP check failed: socket error: EOF,abort
2025-05-19 11:22:39,754Z,backend,IMAP connected to check replies in INBOX,None
2025-05-19 11:22:53,978Z,backend,IMAP connected to check replies in INBOX,None
2025-05-19 11:23:08,725Z,backend,IMAP connected to check replies in INBOX,None
2025-05-19 11:23:23,468Z,backend,IMAP connected to check replies in INBOX,None
2025-05-19 11:23:39,492Z,backend,IMAP connected to check replies in INBOX,None
2025-05-19 11:23:56,008Z,backend,IMAP connected to check replies in INBOX,None
2025-05-19 11:24:09,333Z,backend,IMAP connected to check replies in INBOX,None
2025-05-19 11:24:22,716Z,backend,IMAP connected to check replies in INBOX,None
